<?xml version="1.0" encoding="UTF-8"?>
<testsuite name="Login" tests="1" skipped="0" failures="0" errors="0" timestamp="2023-03-27T17:24:35" hostname="RYAN" time="0.052">
  <properties/>
  <testcase name="Login using valid username and password" classname="Login" time="0.052"/>
  <system-out><![CDATA[
Scenario: Login using valid username and password ?[90m# src/test/resources/login.feature:3?[0m
  ?[32mGiven ?[0m?[32muser is on login page?[0m                     ?[90m# com.ryan.stepDef.loginStepDef.userIsOnLoginPage()?[0m
  ?[32mAnd ?[0m?[32muser input username with ?[0m?[32m?[1m"standard_user"?[0m    ?[90m# com.ryan.stepDef.loginStepDef.userInputUsernameWith(java.lang.String)?[0m
  ?[32mAnd ?[0m?[32muser input password with ?[0m?[32m?[1m"secret_sauce"?[0m     ?[90m# com.ryan.stepDef.loginStepDef.userInputPasswordWith(java.lang.String)?[0m
  ?[32mWhen ?[0m?[32muser click login button?[0m                    ?[90m# com.ryan.stepDef.loginStepDef.userClickLoginButton()?[0m
  ?[32mThen ?[0m?[32muser in on homepage?[0m                        ?[90m# com.ryan.stepDef.loginStepDef.userInOnHomepage()?[0m
]]></system-out>
  <system-err><![CDATA[]]></system-err>
</testsuite>
